app/build/intermediates/manifest_merge_blame_file/release/manifest-merger-blame-release-report.txt
1<?xml version="1.0" encoding="utf-8"?>
2<manifest xmlns:android="http://schemas.android.com/apk/res/android"
3    package="com.appsforkids.pasz.spacelight"
4    android:versionCode="11"
5    android:versionName="2.0" >
6
7    <uses-sdk
8        android:minSdkVersion="19"
8-->src\main\AndroidManifest.xml
9        android:targetSdkVersion="33" />
9-->src\main\AndroidManifest.xml
10
11    <uses-permission android:name="android.permission.INTERNET" />
11-->src\main\AndroidManifest.xml:5:5-67
11-->src\main\AndroidManifest.xml:5:22-64
12    <uses-permission android:name="android.permission.ACCESS_NETWORK_STATE" />
12-->src\main\AndroidManifest.xml:6:5-79
12-->src\main\AndroidManifest.xml:6:22-76
13    <uses-permission android:name="android.permission.READ_EXTERNAL_STORAGE" />
13-->src\main\AndroidManifest.xml:7:5-80
13-->src\main\AndroidManifest.xml:7:22-77
14    <uses-permission android:name="android.permission.VIBRATE" />
14-->src\main\AndroidManifest.xml:8:5-65
14-->src\main\AndroidManifest.xml:8:22-63
15    <uses-permission android:name="android.permission.WAKE_LOCK" />
15-->[com.google.android.gms:play-services-measurement-api:21.2.0] AndroidManifest.xml:24:5-68
15-->[com.google.android.gms:play-services-measurement-api:21.2.0] AndroidManifest.xml:24:22-65
16    <uses-permission android:name="com.google.android.gms.permission.AD_ID" /> <!-- Android package visibility setting -->
16-->[com.google.android.gms:play-services-measurement-api:21.2.0] AndroidManifest.xml:25:5-79
16-->[com.google.android.gms:play-services-measurement-api:21.2.0] AndroidManifest.xml:25:22-76
17    <queries>
17-->[com.google.android.gms:play-services-ads-lite:21.4.0] AndroidManifest.xml:29:5-45:15
18
19        <!-- For browser content -->
20        <intent>
20-->[com.google.android.gms:play-services-ads-lite:21.4.0] AndroidManifest.xml:32:9-38:18
21            <action android:name="android.intent.action.VIEW" />
21-->[com.google.android.gms:play-services-ads-lite:21.4.0] AndroidManifest.xml:33:13-65
21-->[com.google.android.gms:play-services-ads-lite:21.4.0] AndroidManifest.xml:33:21-62
22
23            <category android:name="android.intent.category.BROWSABLE" />
23-->[com.google.android.gms:play-services-ads-lite:21.4.0] AndroidManifest.xml:35:13-74
23-->[com.google.android.gms:play-services-ads-lite:21.4.0] AndroidManifest.xml:35:23-71
24
25            <data android:scheme="https" />
25-->[com.google.android.gms:play-services-ads-lite:21.4.0] AndroidManifest.xml:37:13-44
25-->[com.google.android.gms:play-services-ads-lite:21.4.0] AndroidManifest.xml:37:19-41
26        </intent>
27        <!-- End of browser content -->
28        <!-- For CustomTabsService -->
29        <intent>
29-->[com.google.android.gms:play-services-ads-lite:21.4.0] AndroidManifest.xml:41:9-43:18
30            <action android:name="android.support.customtabs.action.CustomTabsService" />
30-->[com.google.android.gms:play-services-ads-lite:21.4.0] AndroidManifest.xml:42:13-90
30-->[com.google.android.gms:play-services-ads-lite:21.4.0] AndroidManifest.xml:42:21-87
31        </intent>
32        <!-- End of CustomTabsService -->
33    </queries>
34
35    <uses-permission android:name="com.google.android.finsky.permission.BIND_GET_INSTALL_REFERRER_SERVICE" />
35-->[com.google.android.gms:play-services-measurement:21.2.0] AndroidManifest.xml:26:5-110
35-->[com.google.android.gms:play-services-measurement:21.2.0] AndroidManifest.xml:26:22-107
36    <uses-permission android:name="android.permission.RECEIVE_BOOT_COMPLETED" />
36-->[androidx.work:work-runtime:2.7.0] AndroidManifest.xml:27:5-81
36-->[androidx.work:work-runtime:2.7.0] AndroidManifest.xml:27:22-78
37    <uses-permission android:name="android.permission.FOREGROUND_SERVICE" />
37-->[androidx.work:work-runtime:2.7.0] AndroidManifest.xml:28:5-77
37-->[androidx.work:work-runtime:2.7.0] AndroidManifest.xml:28:22-74
38
39    <permission
39-->[androidx.core:core:1.9.0] AndroidManifest.xml:22:5-24:47
40        android:name="com.appsforkids.pasz.spacelight.DYNAMIC_RECEIVER_NOT_EXPORTED_PERMISSION"
40-->[androidx.core:core:1.9.0] AndroidManifest.xml:23:9-81
41        android:protectionLevel="signature" />
41-->[androidx.core:core:1.9.0] AndroidManifest.xml:24:9-44
42
43    <uses-permission android:name="com.appsforkids.pasz.spacelight.DYNAMIC_RECEIVER_NOT_EXPORTED_PERMISSION" />
43-->[androidx.core:core:1.9.0] AndroidManifest.xml:26:5-97
43-->[androidx.core:core:1.9.0] AndroidManifest.xml:26:22-94
44
45    <application
45-->src\main\AndroidManifest.xml:11:5-42:19
46        android:name="com.appsforkids.pasz.spacelight.App"
46-->src\main\AndroidManifest.xml:12:9-28
47        android:allowBackup="true"
47-->src\main\AndroidManifest.xml:13:9-35
48        android:appComponentFactory="androidx.core.app.CoreComponentFactory"
48-->[androidx.core:core:1.9.0] AndroidManifest.xml:28:18-86
49        android:icon="@mipmap/ic_my_icon_foreground"
49-->src\main\AndroidManifest.xml:14:9-53
50        android:label="@string/app_name"
50-->src\main\AndroidManifest.xml:15:9-41
51        android:roundIcon="@mipmap/ic_my_icon"
51-->src\main\AndroidManifest.xml:16:9-47
52        android:supportsRtl="true"
52-->src\main\AndroidManifest.xml:17:9-35
53        android:theme="@style/Theme.Design.NoActionBar" >
53-->src\main\AndroidManifest.xml:19:9-56
54        <activity
54-->src\main\AndroidManifest.xml:21:9-31:20
55            android:name="com.appsforkids.pasz.spacelight.SplashActivity"
55-->src\main\AndroidManifest.xml:21:19-49
56            android:exported="true"
56-->src\main\AndroidManifest.xml:24:13-36
57            android:screenOrientation="portrait"
57-->src\main\AndroidManifest.xml:23:13-49
58            android:theme="@style/MyAppTheme" >
58-->src\main\AndroidManifest.xml:22:13-46
59            <intent-filter>
59-->src\main\AndroidManifest.xml:26:13-30:29
60                <action
60-->src\main\AndroidManifest.xml:27:17-28:59
61                    android:name="android.intent.action.MAIN"
61-->src\main\AndroidManifest.xml:27:25-66
62                    android:screenOrientation="portrait" />
62-->src\main\AndroidManifest.xml:28:21-57
63
64                <category android:name="android.intent.category.LAUNCHER" />
64-->src\main\AndroidManifest.xml:29:17-77
64-->src\main\AndroidManifest.xml:29:27-74
65            </intent-filter>
66        </activity>
67        <activity
67-->src\main\AndroidManifest.xml:33:9-37:20
68            android:name="com.appsforkids.pasz.spacelight.MainActivity"
68-->src\main\AndroidManifest.xml:33:19-47
69            android:screenOrientation="portrait"
69-->src\main\AndroidManifest.xml:34:13-49
70            android:theme="@style/MyAppTheme" >
70-->src\main\AndroidManifest.xml:35:13-46
71        </activity>
72        <!-- Sample AdMob app ID: ca-app-pub-3940256099942544~3347511713 -->
73        <meta-data
73-->src\main\AndroidManifest.xml:39:9-41:69
74            android:name="com.google.android.gms.ads.APPLICATION_ID"
74-->src\main\AndroidManifest.xml:40:13-69
75            android:value="ca-app-pub-1237459888817948~3272648831" />
75-->src\main\AndroidManifest.xml:41:13-67
76
77        <provider
77-->[com.squareup.picasso:picasso:2.71828] AndroidManifest.xml:8:9-11:40
78            android:name="com.squareup.picasso.PicassoProvider"
78-->[com.squareup.picasso:picasso:2.71828] AndroidManifest.xml:9:13-64
79            android:authorities="com.appsforkids.pasz.spacelight.com.squareup.picasso"
79-->[com.squareup.picasso:picasso:2.71828] AndroidManifest.xml:10:13-72
80            android:exported="false" />
80-->[com.squareup.picasso:picasso:2.71828] AndroidManifest.xml:11:13-37
81
82        <service
82-->[com.google.android.gms:play-services-measurement-api:21.2.0] AndroidManifest.xml:28:9-34:19
83            android:name="com.google.firebase.components.ComponentDiscoveryService"
83-->[com.google.android.gms:play-services-measurement-api:21.2.0] AndroidManifest.xml:29:13-84
84            android:directBootAware="true"
84-->[com.google.firebase:firebase-common:20.3.0] AndroidManifest.xml:34:13-43
85            android:exported="false" >
85-->[com.google.android.gms:play-services-measurement-api:21.2.0] AndroidManifest.xml:30:13-37
86            <meta-data
86-->[com.google.android.gms:play-services-measurement-api:21.2.0] AndroidManifest.xml:31:13-33:85
87                android:name="com.google.firebase.components:com.google.firebase.analytics.connector.internal.AnalyticsConnectorRegistrar"
87-->[com.google.android.gms:play-services-measurement-api:21.2.0] AndroidManifest.xml:32:17-139
88                android:value="com.google.firebase.components.ComponentRegistrar" />
88-->[com.google.android.gms:play-services-measurement-api:21.2.0] AndroidManifest.xml:33:17-82
89            <meta-data
89-->[com.google.firebase:firebase-installations:17.1.0] AndroidManifest.xml:17:13-19:85
90                android:name="com.google.firebase.components:com.google.firebase.installations.FirebaseInstallationsRegistrar"
90-->[com.google.firebase:firebase-installations:17.1.0] AndroidManifest.xml:18:17-127
91                android:value="com.google.firebase.components.ComponentRegistrar" />
91-->[com.google.firebase:firebase-installations:17.1.0] AndroidManifest.xml:19:17-82
92        </service>
93
94        <provider
94-->[com.google.firebase:firebase-common:20.3.0] AndroidManifest.xml:25:9-30:39
95            android:name="com.google.firebase.provider.FirebaseInitProvider"
95-->[com.google.firebase:firebase-common:20.3.0] AndroidManifest.xml:26:13-77
96            android:authorities="com.appsforkids.pasz.spacelight.firebaseinitprovider"
96-->[com.google.firebase:firebase-common:20.3.0] AndroidManifest.xml:27:13-72
97            android:directBootAware="true"
97-->[com.google.firebase:firebase-common:20.3.0] AndroidManifest.xml:28:13-43
98            android:exported="false"
98-->[com.google.firebase:firebase-common:20.3.0] AndroidManifest.xml:29:13-37
99            android:initOrder="100" />
99-->[com.google.firebase:firebase-common:20.3.0] AndroidManifest.xml:30:13-36
100
101        <activity
101-->[com.google.android.gms:play-services-base:18.0.0] AndroidManifest.xml:20:9-22:45
102            android:name="com.google.android.gms.common.api.GoogleApiActivity"
102-->[com.google.android.gms:play-services-base:18.0.0] AndroidManifest.xml:20:19-85
103            android:exported="false"
103-->[com.google.android.gms:play-services-base:18.0.0] AndroidManifest.xml:22:19-43
104            android:theme="@android:style/Theme.Translucent.NoTitleBar" /> <!-- Include the AdActivity and InAppPurchaseActivity configChanges and themes. -->
104-->[com.google.android.gms:play-services-base:18.0.0] AndroidManifest.xml:21:19-78
105        <activity
105-->[com.google.android.gms:play-services-ads-lite:21.4.0] AndroidManifest.xml:50:9-55:43
106            android:name="com.google.android.gms.ads.AdActivity"
106-->[com.google.android.gms:play-services-ads-lite:21.4.0] AndroidManifest.xml:51:13-65
107            android:configChanges="keyboard|keyboardHidden|orientation|screenLayout|uiMode|screenSize|smallestScreenSize"
107-->[com.google.android.gms:play-services-ads-lite:21.4.0] AndroidManifest.xml:52:13-122
108            android:exported="false"
108-->[com.google.android.gms:play-services-ads-lite:21.4.0] AndroidManifest.xml:53:13-37
109            android:theme="@android:style/Theme.Translucent" />
109-->[com.google.android.gms:play-services-ads-lite:21.4.0] AndroidManifest.xml:54:13-61
110
111        <provider
111-->[com.google.android.gms:play-services-ads-lite:21.4.0] AndroidManifest.xml:57:9-62:43
112            android:name="com.google.android.gms.ads.MobileAdsInitProvider"
112-->[com.google.android.gms:play-services-ads-lite:21.4.0] AndroidManifest.xml:58:13-76
113            android:authorities="com.appsforkids.pasz.spacelight.mobileadsinitprovider"
113-->[com.google.android.gms:play-services-ads-lite:21.4.0] AndroidManifest.xml:59:13-73
114            android:exported="false"
114-->[com.google.android.gms:play-services-ads-lite:21.4.0] AndroidManifest.xml:60:13-37
115            android:initOrder="100" />
115-->[com.google.android.gms:play-services-ads-lite:21.4.0] AndroidManifest.xml:61:13-36
116
117        <service
117-->[com.google.android.gms:play-services-ads-lite:21.4.0] AndroidManifest.xml:64:9-68:43
118            android:name="com.google.android.gms.ads.AdService"
118-->[com.google.android.gms:play-services-ads-lite:21.4.0] AndroidManifest.xml:65:13-64
119            android:enabled="true"
119-->[com.google.android.gms:play-services-ads-lite:21.4.0] AndroidManifest.xml:66:13-35
120            android:exported="false" />
120-->[com.google.android.gms:play-services-ads-lite:21.4.0] AndroidManifest.xml:67:13-37
121
122        <activity
122-->[com.google.android.gms:play-services-ads-lite:21.4.0] AndroidManifest.xml:70:9-74:43
123            android:name="com.google.android.gms.ads.OutOfContextTestingActivity"
123-->[com.google.android.gms:play-services-ads-lite:21.4.0] AndroidManifest.xml:71:13-82
124            android:configChanges="keyboard|keyboardHidden|orientation|screenLayout|uiMode|screenSize|smallestScreenSize"
124-->[com.google.android.gms:play-services-ads-lite:21.4.0] AndroidManifest.xml:72:13-122
125            android:exported="false" />
125-->[com.google.android.gms:play-services-ads-lite:21.4.0] AndroidManifest.xml:73:13-37
126
127        <receiver
127-->[com.google.android.gms:play-services-measurement:21.2.0] AndroidManifest.xml:29:9-33:20
128            android:name="com.google.android.gms.measurement.AppMeasurementReceiver"
128-->[com.google.android.gms:play-services-measurement:21.2.0] AndroidManifest.xml:30:13-85
129            android:enabled="true"
129-->[com.google.android.gms:play-services-measurement:21.2.0] AndroidManifest.xml:31:13-35
130            android:exported="false" >
130-->[com.google.android.gms:play-services-measurement:21.2.0] AndroidManifest.xml:32:13-37
131        </receiver>
132
133        <service
133-->[com.google.android.gms:play-services-measurement:21.2.0] AndroidManifest.xml:35:9-38:40
134            android:name="com.google.android.gms.measurement.AppMeasurementService"
134-->[com.google.android.gms:play-services-measurement:21.2.0] AndroidManifest.xml:36:13-84
135            android:enabled="true"
135-->[com.google.android.gms:play-services-measurement:21.2.0] AndroidManifest.xml:37:13-35
136            android:exported="false" />
136-->[com.google.android.gms:play-services-measurement:21.2.0] AndroidManifest.xml:38:13-37
137        <service
137-->[com.google.android.gms:play-services-measurement:21.2.0] AndroidManifest.xml:39:9-43:72
138            android:name="com.google.android.gms.measurement.AppMeasurementJobService"
138-->[com.google.android.gms:play-services-measurement:21.2.0] AndroidManifest.xml:40:13-87
139            android:enabled="true"
139-->[com.google.android.gms:play-services-measurement:21.2.0] AndroidManifest.xml:41:13-35
140            android:exported="false"
140-->[com.google.android.gms:play-services-measurement:21.2.0] AndroidManifest.xml:42:13-37
141            android:permission="android.permission.BIND_JOB_SERVICE" />
141-->[com.google.android.gms:play-services-measurement:21.2.0] AndroidManifest.xml:43:13-69
142
143        <meta-data
143-->[com.google.android.gms:play-services-basement:18.1.0] AndroidManifest.xml:21:9-23:69
144            android:name="com.google.android.gms.version"
144-->[com.google.android.gms:play-services-basement:18.1.0] AndroidManifest.xml:22:13-58
145            android:value="@integer/google_play_services_version" />
145-->[com.google.android.gms:play-services-basement:18.1.0] AndroidManifest.xml:23:13-66
146
147        <provider
147-->[androidx.emoji2:emoji2:1.2.0] AndroidManifest.xml:24:9-32:20
148            android:name="androidx.startup.InitializationProvider"
148-->[androidx.emoji2:emoji2:1.2.0] AndroidManifest.xml:25:13-67
149            android:authorities="com.appsforkids.pasz.spacelight.androidx-startup"
149-->[androidx.emoji2:emoji2:1.2.0] AndroidManifest.xml:26:13-68
150            android:exported="false" >
150-->[androidx.emoji2:emoji2:1.2.0] AndroidManifest.xml:27:13-37
151            <meta-data
151-->[androidx.emoji2:emoji2:1.2.0] AndroidManifest.xml:29:13-31:52
152                android:name="androidx.emoji2.text.EmojiCompatInitializer"
152-->[androidx.emoji2:emoji2:1.2.0] AndroidManifest.xml:30:17-75
153                android:value="androidx.startup" />
153-->[androidx.emoji2:emoji2:1.2.0] AndroidManifest.xml:31:17-49
154            <meta-data
154-->[androidx.work:work-runtime:2.7.0] AndroidManifest.xml:36:13-38:52
155                android:name="androidx.work.WorkManagerInitializer"
155-->[androidx.work:work-runtime:2.7.0] AndroidManifest.xml:37:17-68
156                android:value="androidx.startup" />
156-->[androidx.work:work-runtime:2.7.0] AndroidManifest.xml:38:17-49
157            <meta-data
157-->[androidx.lifecycle:lifecycle-process:2.4.1] AndroidManifest.xml:31:13-33:52
158                android:name="androidx.lifecycle.ProcessLifecycleInitializer"
158-->[androidx.lifecycle:lifecycle-process:2.4.1] AndroidManifest.xml:32:17-78
159                android:value="androidx.startup" />
159-->[androidx.lifecycle:lifecycle-process:2.4.1] AndroidManifest.xml:33:17-49
160        </provider>
161
162        <service
162-->[androidx.work:work-runtime:2.7.0] AndroidManifest.xml:41:9-46:35
163            android:name="androidx.work.impl.background.systemalarm.SystemAlarmService"
163-->[androidx.work:work-runtime:2.7.0] AndroidManifest.xml:42:13-88
164            android:directBootAware="false"
164-->[androidx.work:work-runtime:2.7.0] AndroidManifest.xml:43:13-44
165            android:enabled="@bool/enable_system_alarm_service_default"
165-->[androidx.work:work-runtime:2.7.0] AndroidManifest.xml:44:13-72
166            android:exported="false" />
166-->[androidx.work:work-runtime:2.7.0] AndroidManifest.xml:45:13-37
167        <service
167-->[androidx.work:work-runtime:2.7.0] AndroidManifest.xml:47:9-53:35
168            android:name="androidx.work.impl.background.systemjob.SystemJobService"
168-->[androidx.work:work-runtime:2.7.0] AndroidManifest.xml:48:13-84
169            android:directBootAware="false"
169-->[androidx.work:work-runtime:2.7.0] AndroidManifest.xml:49:13-44
170            android:enabled="@bool/enable_system_job_service_default"
170-->[androidx.work:work-runtime:2.7.0] AndroidManifest.xml:50:13-70
171            android:exported="true"
171-->[androidx.work:work-runtime:2.7.0] AndroidManifest.xml:51:13-36
172            android:permission="android.permission.BIND_JOB_SERVICE" />
172-->[androidx.work:work-runtime:2.7.0] AndroidManifest.xml:52:13-69
173        <service
173-->[androidx.work:work-runtime:2.7.0] AndroidManifest.xml:54:9-59:35
174            android:name="androidx.work.impl.foreground.SystemForegroundService"
174-->[androidx.work:work-runtime:2.7.0] AndroidManifest.xml:55:13-81
175            android:directBootAware="false"
175-->[androidx.work:work-runtime:2.7.0] AndroidManifest.xml:56:13-44
176            android:enabled="@bool/enable_system_foreground_service_default"
176-->[androidx.work:work-runtime:2.7.0] AndroidManifest.xml:57:13-77
177            android:exported="false" />
177-->[androidx.work:work-runtime:2.7.0] AndroidManifest.xml:58:13-37
178
179        <receiver
179-->[androidx.work:work-runtime:2.7.0] AndroidManifest.xml:61:9-66:35
180            android:name="androidx.work.impl.utils.ForceStopRunnable$BroadcastReceiver"
180-->[androidx.work:work-runtime:2.7.0] AndroidManifest.xml:62:13-88
181            android:directBootAware="false"
181-->[androidx.work:work-runtime:2.7.0] AndroidManifest.xml:63:13-44
182            android:enabled="true"
182-->[androidx.work:work-runtime:2.7.0] AndroidManifest.xml:64:13-35
183            android:exported="false" />
183-->[androidx.work:work-runtime:2.7.0] AndroidManifest.xml:65:13-37
184        <receiver
184-->[androidx.work:work-runtime:2.7.0] AndroidManifest.xml:67:9-77:20
185            android:name="androidx.work.impl.background.systemalarm.ConstraintProxy$BatteryChargingProxy"
185-->[androidx.work:work-runtime:2.7.0] AndroidManifest.xml:68:13-106
186            android:directBootAware="false"
186-->[androidx.work:work-runtime:2.7.0] AndroidManifest.xml:69:13-44
187            android:enabled="false"
187-->[androidx.work:work-runtime:2.7.0] AndroidManifest.xml:70:13-36
188            android:exported="false" >
188-->[androidx.work:work-runtime:2.7.0] AndroidManifest.xml:71:13-37
189            <intent-filter>
189-->[androidx.work:work-runtime:2.7.0] AndroidManifest.xml:73:13-76:29
190                <action android:name="android.intent.action.ACTION_POWER_CONNECTED" />
190-->[androidx.work:work-runtime:2.7.0] AndroidManifest.xml:74:17-87
190-->[androidx.work:work-runtime:2.7.0] AndroidManifest.xml:74:25-84
191                <action android:name="android.intent.action.ACTION_POWER_DISCONNECTED" />
191-->[androidx.work:work-runtime:2.7.0] AndroidManifest.xml:75:17-90
191-->[androidx.work:work-runtime:2.7.0] AndroidManifest.xml:75:25-87
192            </intent-filter>
193        </receiver>
194        <receiver
194-->[androidx.work:work-runtime:2.7.0] AndroidManifest.xml:78:9-88:20
195            android:name="androidx.work.impl.background.systemalarm.ConstraintProxy$BatteryNotLowProxy"
195-->[androidx.work:work-runtime:2.7.0] AndroidManifest.xml:79:13-104
196            android:directBootAware="false"
196-->[androidx.work:work-runtime:2.7.0] AndroidManifest.xml:80:13-44
197            android:enabled="false"
197-->[androidx.work:work-runtime:2.7.0] AndroidManifest.xml:81:13-36
198            android:exported="false" >
198-->[androidx.work:work-runtime:2.7.0] AndroidManifest.xml:82:13-37
199            <intent-filter>
199-->[androidx.work:work-runtime:2.7.0] AndroidManifest.xml:84:13-87:29
200                <action android:name="android.intent.action.BATTERY_OKAY" />
200-->[androidx.work:work-runtime:2.7.0] AndroidManifest.xml:85:17-77
200-->[androidx.work:work-runtime:2.7.0] AndroidManifest.xml:85:25-74
201                <action android:name="android.intent.action.BATTERY_LOW" />
201-->[androidx.work:work-runtime:2.7.0] AndroidManifest.xml:86:17-76
201-->[androidx.work:work-runtime:2.7.0] AndroidManifest.xml:86:25-73
202            </intent-filter>
203        </receiver>
204        <receiver
204-->[androidx.work:work-runtime:2.7.0] AndroidManifest.xml:89:9-99:20
205            android:name="androidx.work.impl.background.systemalarm.ConstraintProxy$StorageNotLowProxy"
205-->[androidx.work:work-runtime:2.7.0] AndroidManifest.xml:90:13-104
206            android:directBootAware="false"
206-->[androidx.work:work-runtime:2.7.0] AndroidManifest.xml:91:13-44
207            android:enabled="false"
207-->[androidx.work:work-runtime:2.7.0] AndroidManifest.xml:92:13-36
208            android:exported="false" >
208-->[androidx.work:work-runtime:2.7.0] AndroidManifest.xml:93:13-37
209            <intent-filter>
209-->[androidx.work:work-runtime:2.7.0] AndroidManifest.xml:95:13-98:29
210                <action android:name="android.intent.action.DEVICE_STORAGE_LOW" />
210-->[androidx.work:work-runtime:2.7.0] AndroidManifest.xml:96:17-83
210-->[androidx.work:work-runtime:2.7.0] AndroidManifest.xml:96:25-80
211                <action android:name="android.intent.action.DEVICE_STORAGE_OK" />
211-->[androidx.work:work-runtime:2.7.0] AndroidManifest.xml:97:17-82
211-->[androidx.work:work-runtime:2.7.0] AndroidManifest.xml:97:25-79
212            </intent-filter>
213        </receiver>
214        <receiver
214-->[androidx.work:work-runtime:2.7.0] AndroidManifest.xml:100:9-109:20
215            android:name="androidx.work.impl.background.systemalarm.ConstraintProxy$NetworkStateProxy"
215-->[androidx.work:work-runtime:2.7.0] AndroidManifest.xml:101:13-103
216            android:directBootAware="false"
216-->[androidx.work:work-runtime:2.7.0] AndroidManifest.xml:102:13-44
217            android:enabled="false"
217-->[androidx.work:work-runtime:2.7.0] AndroidManifest.xml:103:13-36
218            android:exported="false" >
218-->[androidx.work:work-runtime:2.7.0] AndroidManifest.xml:104:13-37
219            <intent-filter>
219-->[androidx.work:work-runtime:2.7.0] AndroidManifest.xml:106:13-108:29
220                <action android:name="android.net.conn.CONNECTIVITY_CHANGE" />
220-->[androidx.work:work-runtime:2.7.0] AndroidManifest.xml:107:17-79
220-->[androidx.work:work-runtime:2.7.0] AndroidManifest.xml:107:25-76
221            </intent-filter>
222        </receiver>
223        <receiver
223-->[androidx.work:work-runtime:2.7.0] AndroidManifest.xml:110:9-121:20
224            android:name="androidx.work.impl.background.systemalarm.RescheduleReceiver"
224-->[androidx.work:work-runtime:2.7.0] AndroidManifest.xml:111:13-88
225            android:directBootAware="false"
225-->[androidx.work:work-runtime:2.7.0] AndroidManifest.xml:112:13-44
226            android:enabled="false"
226-->[androidx.work:work-runtime:2.7.0] AndroidManifest.xml:113:13-36
227            android:exported="false" >
227-->[androidx.work:work-runtime:2.7.0] AndroidManifest.xml:114:13-37
228            <intent-filter>
228-->[androidx.work:work-runtime:2.7.0] AndroidManifest.xml:116:13-120:29
229                <action android:name="android.intent.action.BOOT_COMPLETED" />
229-->[androidx.work:work-runtime:2.7.0] AndroidManifest.xml:117:17-79
229-->[androidx.work:work-runtime:2.7.0] AndroidManifest.xml:117:25-76
230                <action android:name="android.intent.action.TIME_SET" />
230-->[androidx.work:work-runtime:2.7.0] AndroidManifest.xml:118:17-73
230-->[androidx.work:work-runtime:2.7.0] AndroidManifest.xml:118:25-70
231                <action android:name="android.intent.action.TIMEZONE_CHANGED" />
231-->[androidx.work:work-runtime:2.7.0] AndroidManifest.xml:119:17-81
231-->[androidx.work:work-runtime:2.7.0] AndroidManifest.xml:119:25-78
232            </intent-filter>
233        </receiver>
234        <receiver
234-->[androidx.work:work-runtime:2.7.0] AndroidManifest.xml:122:9-131:20
235            android:name="androidx.work.impl.background.systemalarm.ConstraintProxyUpdateReceiver"
235-->[androidx.work:work-runtime:2.7.0] AndroidManifest.xml:123:13-99
236            android:directBootAware="false"
236-->[androidx.work:work-runtime:2.7.0] AndroidManifest.xml:124:13-44
237            android:enabled="@bool/enable_system_alarm_service_default"
237-->[androidx.work:work-runtime:2.7.0] AndroidManifest.xml:125:13-72
238            android:exported="false" >
238-->[androidx.work:work-runtime:2.7.0] AndroidManifest.xml:126:13-37
239            <intent-filter>
239-->[androidx.work:work-runtime:2.7.0] AndroidManifest.xml:128:13-130:29
240                <action android:name="androidx.work.impl.background.systemalarm.UpdateProxies" />
240-->[androidx.work:work-runtime:2.7.0] AndroidManifest.xml:129:17-98
240-->[androidx.work:work-runtime:2.7.0] AndroidManifest.xml:129:25-95
241            </intent-filter>
242        </receiver>
243        <receiver
243-->[androidx.work:work-runtime:2.7.0] AndroidManifest.xml:132:9-142:20
244            android:name="androidx.work.impl.diagnostics.DiagnosticsReceiver"
244-->[androidx.work:work-runtime:2.7.0] AndroidManifest.xml:133:13-78
245            android:directBootAware="false"
245-->[androidx.work:work-runtime:2.7.0] AndroidManifest.xml:134:13-44
246            android:enabled="true"
246-->[androidx.work:work-runtime:2.7.0] AndroidManifest.xml:135:13-35
247            android:exported="true"
247-->[androidx.work:work-runtime:2.7.0] AndroidManifest.xml:136:13-36
248            android:permission="android.permission.DUMP" >
248-->[androidx.work:work-runtime:2.7.0] AndroidManifest.xml:137:13-57
249            <intent-filter>
249-->[androidx.work:work-runtime:2.7.0] AndroidManifest.xml:139:13-141:29
250                <action android:name="androidx.work.diagnostics.REQUEST_DIAGNOSTICS" />
250-->[androidx.work:work-runtime:2.7.0] AndroidManifest.xml:140:17-88
250-->[androidx.work:work-runtime:2.7.0] AndroidManifest.xml:140:25-85
251            </intent-filter>
252        </receiver>
253
254        <service
254-->[androidx.room:room-runtime:2.2.5] AndroidManifest.xml:25:9-28:40
255            android:name="androidx.room.MultiInstanceInvalidationService"
255-->[androidx.room:room-runtime:2.2.5] AndroidManifest.xml:26:13-74
256            android:directBootAware="true"
256-->[androidx.room:room-runtime:2.2.5] AndroidManifest.xml:27:13-43
257            android:exported="false" />
257-->[androidx.room:room-runtime:2.2.5] AndroidManifest.xml:28:13-37
258    </application>
259
260</manifest>